  imgui.cpp
  imgui_demo.cpp
  imgui_draw.cpp
  imgui_impl_glfw.cpp
  imgui_impl_opengl3.cpp
  imgui_tables.cpp
  imgui_widgets.cpp
  coche.cpp
  escena.cpp
C:\Users\oussa\Desktop\Carpetas\UAB\4 curso\1 cuatri\VGI\VGIProyecto\src\coche.h(5,10): error C1083: No se puede abrir el archivo incluir: 'btBulletDynamicsCommon.h': No such file or directory
  (compilando archivo de origen "../src/coche.cpp")
  
C:\Users\oussa\Desktop\Carpetas\UAB\4 curso\1 cuatri\VGI\VGIProyecto\src\coche.h(5,10): error C1083: No se puede abrir el archivo incluir: 'btBulletDynamicsCommon.h': No such file or directory
  (compilando archivo de origen "../src/escena.cpp")
  
  glut_geometry.cpp
  main.cpp
C:\Users\oussa\Desktop\Carpetas\UAB\4 curso\1 cuatri\VGI\VGIProyecto\src\coche.h(5,10): error C1083: No se puede abrir el archivo incluir: 'btBulletDynamicsCommon.h': No such file or directory
  (compilando archivo de origen "../src/main.cpp")
  
  material.cpp
  objLoader.cpp
  shader.cpp
  visualitzacio.cpp
C:\Users\oussa\Desktop\Carpetas\UAB\4 curso\1 cuatri\VGI\VGIProyecto\src\coche.h(5,10): error C1083: No se puede abrir el archivo incluir: 'btBulletDynamicsCommon.h': No such file or directory
  (compilando archivo de origen "../src/visualitzacio.cpp")
  
  Generando código...
